2025-05-17 18:10:02,281 INFO 🤖 Asistente NeoBuild iniciado
2025-05-17 18:11:59,566 INFO Entrada: '¿Qué CPU me recomiendas para gaming?' => recomendacion_cpu (0.68)
2025-05-17 18:12:25,539 INFO Entrada: 'Recomiéndame una GPU de NVIDIA para edición de video' => presupuesto (0.38)
2025-05-17 18:13:49,598 INFO Entrada: '¿Qué RAM debería comprar para trabajar con diseño gráfico?' => compatibilidad (0.39)
2025-05-17 18:14:47,287 INFO Entrada: 'SRAM' => compatibilidad (0.40)
2025-05-17 18:16:03,439 INFO Entrada: 'Quiero una placa base compatible con AMD' => compatibilidad (0.48)
2025-05-17 18:16:24,673 INFO Entrada: 'Tengo un presupuesto de 800 dólares' => presupuesto (0.96)
2025-05-17 18:16:47,889 INFO Entrada: 'tengo 800' => presupuesto (0.97)
2025-05-17 18:29:45,530 INFO Entrada: 'Tengo un presupuesto de 900 dólares' => presupuesto (0.98)
2025-05-17 18:34:34,822 INFO 🤖 Asistente NeoBuild iniciado
2025-05-17 18:34:42,577 INFO Entrada: 'Tengo un presupuesto de 900 dólares' => presupuesto (0.99)
2025-05-17 18:34:57,149 INFO Entrada: 'si' => compatibilidad (0.50)
2025-05-17 18:47:30,833 INFO Entrada: 'Tengo un presupuesto de 900 dólares' => presupuesto (1.00)
2025-05-17 18:47:37,150 INFO Entrada: 'si' => compatibilidad (0.50)
2025-05-17 18:50:49,708 INFO Entrada: 'tengo un presupuesto de 900 dólares' => presupuesto (1.00)
2025-05-17 18:58:11,898 INFO Entrada: 'tengo un presupuesto de 900 dólares' => presupuesto (1.00)
2025-05-17 19:29:03,638 INFO 🤖 Asistente NeoBuild iniciado
2025-05-17 19:29:06,437 INFO Entrada: 'Tengo un presupuesto de 900 dólares' => presupuesto (1.00)
2025-05-17 19:51:52,141 INFO 🤖 Asistente NeoBuild iniciado
2025-05-17 19:53:16,600 INFO Entrada: 'Tengo un presupuesto de 800 dólares' => presupuesto (1.00)
2025-05-17 19:53:45,966 INFO Entrada: 'Quiero armar una PC por 1200 USD' => recomendacion_cpu (0.37)
2025-05-17 19:54:27,914 INFO Entrada: '¿Qué computadora puedo armar con 600 dólares?' => presupuesto (0.45)
2025-05-17 19:54:41,772 INFO Entrada: 's' => compatibilidad (0.45)
2025-05-17 19:55:03,012 INFO Entrada: 'Mi presupuesto es de 1500 para gaming' => presupuesto (0.55)
2025-05-17 19:55:14,213 INFO Entrada: 's' => compatibilidad (0.45)
2025-05-17 19:55:42,136 INFO Entrada: '¿Qué CPU me recomiendas para gaming?' => recomendacion_cpu (0.94)
2025-05-17 19:56:06,091 INFO Entrada: 'Necesito un procesador para edición de video' => recomendacion_gpu (0.34)
2025-05-17 19:56:26,486 INFO Entrada: '¿Cuál es el mejor procesador para streaming?' => recomendacion_cpu (0.74)
2025-05-17 19:56:36,606 INFO Entrada: 'Recomiéndame un procesador barato y bueno' => recomendacion_cpu (0.35)
2025-05-17 19:56:54,469 INFO Entrada: '¿Qué tarjeta gráfica necesito para jugar a 1080p?' => recomendacion_gpu (0.85)
2025-05-17 19:57:12,631 INFO Entrada: 'Recomiéndame una GPU para diseño gráfico' => recomendacion_cpu (0.33)
2025-05-17 19:57:21,715 INFO Entrada: '¿Cuál es la mejor tarjeta para juegos AAA?' => recomendacion_gpu (0.54)
2025-05-17 19:57:38,953 INFO Entrada: 'Quiero una GPU para hacer streaming' => recomendacion_cpu (0.92)
2025-05-17 19:57:58,890 INFO Entrada: '¿Esta RAM es compatible con mi placa base?' => compatibilidad (0.95)
2025-05-17 19:58:12,299 INFO Entrada: '¿Qué motherboard va con un i5-13400?' => compatibilidad (0.89)
2025-05-17 19:58:45,183 INFO Entrada: '¿Puedo usar esta fuente con una RTX 4090?' => compatibilidad (0.42)
2025-05-17 19:59:21,429 INFO Entrada: '¿Es compatible esta tarjeta gráfica con mi procesador?' => compatibilidad (0.82)
2025-05-17 19:59:33,701 INFO Entrada: 'Necesito una PC para oficina y tareas básicas' => recomendacion_pc (0.52)
2025-05-17 19:59:50,827 INFO Entrada: 'Quiero armar una computadora para edición de video' => compatibilidad (0.48)
2025-05-17 20:00:01,001 INFO Entrada: '¿Qué componentes me recomiendas para diseño gráfico?' => recomendacion_general (0.37)
2025-05-17 20:01:35,502 INFO Entrada: 'Recomiéndame una PC para programar y juegos ligeros' => recomendacion_cpu (0.65)
2025-05-17 20:02:02,254 INFO Entrada: '¿Cuál es la diferencia entre DDR4 y DDR5?' => compatibilidad (0.35)
2025-05-17 20:02:10,191 INFO Entrada: '¿Qué significa overclocking?' => compatibilidad (0.53)
2025-05-17 20:03:01,122 INFO Entrada: '¿Cuál es la mejor marca de placas base?' => compatibilidad (0.30)
2025-05-17 20:03:13,012 INFO Entrada: '¿Qué fuente de poder debo comprar para una PC gaming?' => compatibilidad (0.38)
2025-05-17 20:03:25,715 INFO Entrada: 'Hola' => compatibilidad (0.29)
2025-05-17 20:03:33,138 INFO Entrada: 'Gracias' => compatibilidad (0.33)
2025-05-17 20:03:38,388 INFO Entrada: '¿Cómo estás?' => compatibilidad (0.38)
2025-05-17 20:03:44,135 INFO Entrada: 'Adiós' => presupuesto (0.37)
2025-05-17 23:38:51,314 INFO Entrada: 'Tengo un presupuesto de $800 para mi PC' => presupuesto (0.97)
2025-05-17 23:39:38,792 INFO Entrada: 'Tengo un presupuesto de $800 para mi PC' => presupuesto (0.97)
2025-05-17 23:45:10,297 INFO Entrada: 'Tengo un presupuesto de $800 para mi PC' => presupuesto (0.97)
2025-05-17 23:50:44,654 INFO Entrada: 'Tengo un presupuesto de $800 para mi PC' => presupuesto (0.97)
2025-05-17 23:54:01,848 INFO Entrada: 'Tengo un presupuesto de $800 para mi PC' => presupuesto (0.97)
2025-05-17 23:56:50,809 INFO Entrada: 'Tengo un presupuesto de $800 para mi PC' => presupuesto (0.97)
2025-05-17 23:59:26,840 INFO Entrada: 'Tengo un presupuesto de $800 para mi PC' => presupuesto (0.97)
2025-05-17 23:59:46,905 INFO Entrada: 's' => compatibilidad (0.43)
2025-05-18 00:04:07,896 INFO Entrada: 'Tengo un presupuesto de $800 para mi PC' => presupuesto (0.97)
2025-05-18 00:04:21,545 INFO Entrada: 's' => compatibilidad (0.43)
2025-05-18 00:25:23,777 INFO Entrada: 'tengo un presupuesto de $800 para mi pc' => presupuesto (0.97)
2025-05-18 00:25:28,668 INFO Entrada: 's' => compatibilidad (0.43)
2025-05-18 10:12:18,976 INFO Entrada: 'tengo 800' => presupuesto (1.00)
2025-05-18 10:12:24,962 INFO Entrada: 's' => compatibilidad (0.43)
2025-05-18 10:15:39,299 INFO Entrada: 'tengo 800' => presupuesto (1.00)
2025-05-18 10:15:51,627 INFO Entrada: 's' => compatibilidad (0.43)
2025-05-18 10:21:41,627 INFO Entrada: 'tengo 800' => presupuesto (1.00)
2025-05-18 10:21:58,813 INFO Entrada: 's' => compatibilidad (0.43)
2025-05-18 10:48:31,524 INFO Entrada: 'tengo 800' => presupuesto (1.00)
2025-05-18 10:55:07,598 INFO Entrada: 'tengo 800' => presupuesto (1.00)
2025-05-18 10:58:49,821 INFO Entrada: 'tengo 800' => presupuesto (1.00)
2025-05-18 11:04:35,014 INFO Entrada: 'tengo 800' => presupuesto (1.00)
2025-05-18 11:06:24,194 INFO Entrada: 'tengo 800' => presupuesto (1.00)
2025-05-18 11:13:51,319 INFO Entrada: 'tengo 800' => presupuesto (1.00)
2025-05-18 11:18:20,960 INFO Entrada: 'tengo 800' => presupuesto (1.00)
2025-05-18 11:18:28,609 INFO Entrada: 's' => compatibilidad (0.43)
2025-05-18 11:29:58,327 INFO Entrada: 'quiero una cpu para gaming' => recomendacion_cpu (0.99)
2025-05-18 11:33:30,952 INFO Entrada: 'quiero una cpu' => recomendacion_cpu (0.98)
2025-05-18 11:35:43,809 INFO Entrada: 'quiero una cpu ryzen' => recomendacion_cpu (0.98)
2025-05-18 11:54:50,535 INFO Entrada: 'quiero una cpu para gaming' => recomendacion_cpu (1.00)
2025-05-18 11:55:23,492 INFO Entrada: 'mejor marca de procesadores' => recomendacion_cpu (0.69)
2025-05-18 11:55:57,729 INFO Entrada: 'hola' => presupuesto (0.53)
2025-05-18 12:10:53,304 INFO Entrada: 'quiero un cpu ryzen' => recomendacion_cpu (0.99)
2025-05-18 12:12:14,675 INFO Entrada: 'quiero un cpu ryzen' => recomendacion_cpu (0.99)
2025-05-18 12:12:29,861 INFO Entrada: 'quiero una cpu ryzen' => recomendacion_cpu (1.00)
2025-05-18 12:13:29,617 INFO Entrada: 'recomiendame una grafica para gaming' => recomendacion_cpu (0.88)
2025-05-18 12:18:36,535 INFO Entrada: 'hola' => presupuesto (0.53)
2025-05-18 12:19:29,730 INFO Entrada: 'hola' => presupuesto (0.52)
2025-05-18 12:45:51,627 INFO Entrada: 'hola' => presupuesto (0.65)
2025-05-18 12:59:33,521 INFO Entrada: 'hola' => saludo (0.87)
